c:\game engineering\sfml-gameengineering\exercise3\debug\vc142.pdb
c:\game engineering\sfml-gameengineering\exercise3\debug\vc142.idb
c:\game engineering\sfml-gameengineering\exercise3\debug\interactableobject.obj
c:\game engineering\sfml-gameengineering\exercise3\debug\hero.obj
c:\game engineering\sfml-gameengineering\exercise3\debug\healthpickup.obj
c:\game engineering\sfml-gameengineering\exercise3\debug\grenade.obj
c:\game engineering\sfml-gameengineering\exercise3\debug\gamestate.obj
c:\game engineering\sfml-gameengineering\exercise3\debug\gameoverstate.obj
c:\game engineering\sfml-gameengineering\exercise3\debug\entity.obj
c:\game engineering\sfml-gameengineering\exercise3\debug\endstate.obj
c:\game engineering\sfml-gameengineering\exercise3\debug\container.obj
c:\game engineering\sfml-gameengineering\exercise3\debug\component.obj
c:\game engineering\sfml-gameengineering\exercise3\debug\commandqueue.obj
c:\game engineering\sfml-gameengineering\exercise3\debug\command.obj
c:\game engineering\sfml-gameengineering\exercise3\debug\coin.obj
c:\game engineering\sfml-gameengineering\exercise3\debug\button.obj
c:\game engineering\sfml-gameengineering\exercise3\debug\bullet.obj
c:\game engineering\sfml-gameengineering\exercise3\debug\b2worldcontactlistener.obj
c:\game engineering\sfml-gameengineering\exercise3\debug\b2spritenode.obj
c:\game engineering\sfml-gameengineering\exercise3\debug\b2rectanglenode.obj
c:\game engineering\sfml-gameengineering\exercise3\debug\application.obj
c:\game engineering\sfml-gameengineering\exercise3\debug\aircraft.obj
c:\game engineering\sfml-gameengineering\exercise3\debug\world.obj
c:\game engineering\sfml-gameengineering\exercise3\debug\utility.obj
c:\game engineering\sfml-gameengineering\exercise3\debug\titlestate.obj
c:\game engineering\sfml-gameengineering\exercise3\debug\tankbullet.obj
c:\game engineering\sfml-gameengineering\exercise3\debug\tank.obj
c:\game engineering\sfml-gameengineering\exercise3\debug\statestack.obj
c:\game engineering\sfml-gameengineering\exercise3\debug\state.obj
c:\game engineering\sfml-gameengineering\exercise3\debug\spritenode.obj
c:\game engineering\sfml-gameengineering\exercise3\debug\snake.obj
c:\game engineering\sfml-gameengineering\exercise3\debug\settingsstate.obj
c:\game engineering\sfml-gameengineering\exercise3\debug\scenenode.obj
c:\game engineering\sfml-gameengineering\exercise3\debug\player.obj
c:\game engineering\sfml-gameengineering\exercise3\debug\pausestate.obj
c:\game engineering\sfml-gameengineering\exercise3\debug\paralleltask.obj
c:\game engineering\sfml-gameengineering\exercise3\debug\menustate.obj
c:\game engineering\sfml-gameengineering\exercise3\debug\main.obj
c:\game engineering\sfml-gameengineering\exercise3\debug\loadingstate.obj
c:\game engineering\sfml-gameengineering\exercise3\debug\label.obj
c:\game engineering\sfml-gameengineering\debug\exercise3.exe
c:\game engineering\sfml-gameengineering\debug\exercise3.ilk
c:\game engineering\sfml-gameengineering\debug\exercise3.pdb
c:\game engineering\sfml-gameengineering\exercise3\debug\explosion.obj
c:\game engineering\sfml-gameengineering\exercise3\debug\exercise3.tlog\cl.command.1.tlog
c:\game engineering\sfml-gameengineering\exercise3\debug\exercise3.tlog\cl.read.1.tlog
c:\game engineering\sfml-gameengineering\exercise3\debug\exercise3.tlog\cl.write.1.tlog
c:\game engineering\sfml-gameengineering\exercise3\debug\exercise3.tlog\link.command.1.tlog
c:\game engineering\sfml-gameengineering\exercise3\debug\exercise3.tlog\link.read.1.tlog
c:\game engineering\sfml-gameengineering\exercise3\debug\exercise3.tlog\link.write.1.tlog
